0 info it worked if it ends with ok
1 verbose cli [ '/usr/bin/nodejs',
1 verbose cli   '/usr/bin/npm',
1 verbose cli   'install',
1 verbose cli   'spotify-web-api-node',
1 verbose cli   '--save' ]
2 info using npm@4.0.5
3 info using node@v7.4.0
4 silly loadCurrentTree Starting
5 silly install loadCurrentTree
6 silly install readLocalPackageData
7 silly fetchPackageMetaData spotify-web-api-node
8 silly fetchNamedPackageData spotify-web-api-node
9 silly mapToRegistry name spotify-web-api-node
10 silly mapToRegistry using default registry
11 silly mapToRegistry registry https://registry.npmjs.org/
12 silly mapToRegistry data Result {
12 silly mapToRegistry   raw: 'spotify-web-api-node',
12 silly mapToRegistry   scope: null,
12 silly mapToRegistry   escapedName: 'spotify-web-api-node',
12 silly mapToRegistry   name: 'spotify-web-api-node',
12 silly mapToRegistry   rawSpec: '',
12 silly mapToRegistry   spec: 'latest',
12 silly mapToRegistry   type: 'tag' }
13 silly mapToRegistry uri https://registry.npmjs.org/spotify-web-api-node
14 verbose request uri https://registry.npmjs.org/spotify-web-api-node
15 verbose request no auth needed
16 info attempt registry request try #1 at 1:08:54 AM
17 verbose request id 44a62196e927e1c3
18 verbose etag W/"58753f7a-1490d"
19 verbose lastModified Tue, 10 Jan 2017 20:09:30 GMT
20 http request GET https://registry.npmjs.org/spotify-web-api-node
21 http 304 https://registry.npmjs.org/spotify-web-api-node
22 verbose headers { date: 'Sun, 05 Feb 2017 01:09:04 GMT',
22 verbose headers   via: '1.1 varnish',
22 verbose headers   'cache-control': 'max-age=300',
22 verbose headers   etag: 'W/"58753f7a-1490d"',
22 verbose headers   age: '26',
22 verbose headers   connection: 'keep-alive',
22 verbose headers   'x-served-by': 'cache-lcy1127-LCY',
22 verbose headers   'x-cache': 'HIT',
22 verbose headers   'x-cache-hits': '1',
22 verbose headers   'x-timer': 'S1486256944.214856,VS0,VE0',
22 verbose headers   vary: 'Accept-Encoding' }
23 silly get cb [ 304,
23 silly get   { date: 'Sun, 05 Feb 2017 01:09:04 GMT',
23 silly get     via: '1.1 varnish',
23 silly get     'cache-control': 'max-age=300',
23 silly get     etag: 'W/"58753f7a-1490d"',
23 silly get     age: '26',
23 silly get     connection: 'keep-alive',
23 silly get     'x-served-by': 'cache-lcy1127-LCY',
23 silly get     'x-cache': 'HIT',
23 silly get     'x-cache-hits': '1',
23 silly get     'x-timer': 'S1486256944.214856,VS0,VE0',
23 silly get     vary: 'Accept-Encoding' } ]
24 verbose etag https://registry.npmjs.org/spotify-web-api-node from cache
25 verbose get saving spotify-web-api-node to /home/ubuntu/.npm/registry.npmjs.org/spotify-web-api-node/.cache.json
26 verbose correctMkdir /home/ubuntu/.npm correctMkdir not in flight; initializing
27 silly install normalizeTree
28 silly loadCurrentTree Finishing
29 silly loadIdealTree Starting
30 silly install loadIdealTree
31 silly cloneCurrentTree Starting
32 silly install cloneCurrentTreeToIdealTree
33 silly cloneCurrentTree Finishing
34 silly loadShrinkwrap Starting
35 silly install loadShrinkwrap
36 silly loadShrinkwrap Finishing
37 silly loadAllDepsIntoIdealTree Starting
38 silly install loadAllDepsIntoIdealTree
39 silly resolveWithNewModule spotify-web-api-node@2.3.6 checking installable status
40 silly cache add args [ 'spotify-web-api-node', null ]
41 verbose cache add spec spotify-web-api-node
42 silly cache add parsed spec Result {
42 silly cache add   raw: 'spotify-web-api-node',
42 silly cache add   scope: null,
42 silly cache add   escapedName: 'spotify-web-api-node',
42 silly cache add   name: 'spotify-web-api-node',
42 silly cache add   rawSpec: '',
42 silly cache add   spec: 'latest',
42 silly cache add   type: 'tag' }
43 silly addNamed spotify-web-api-node@latest
44 verbose addNamed "latest" is being treated as a dist-tag for spotify-web-api-node
45 info addNameTag [ 'spotify-web-api-node', 'latest' ]
46 silly mapToRegistry name spotify-web-api-node
47 silly mapToRegistry using default registry
48 silly mapToRegistry registry https://registry.npmjs.org/
49 silly mapToRegistry data Result {
49 silly mapToRegistry   raw: 'spotify-web-api-node',
49 silly mapToRegistry   scope: null,
49 silly mapToRegistry   escapedName: 'spotify-web-api-node',
49 silly mapToRegistry   name: 'spotify-web-api-node',
49 silly mapToRegistry   rawSpec: '',
49 silly mapToRegistry   spec: 'latest',
49 silly mapToRegistry   type: 'tag' }
50 silly mapToRegistry uri https://registry.npmjs.org/spotify-web-api-node
51 verbose addNameTag registry:https://registry.npmjs.org/spotify-web-api-node not in flight; fetching
52 verbose get https://registry.npmjs.org/spotify-web-api-node not expired, no request
53 silly addNameTag next cb for spotify-web-api-node with tag latest
54 silly addNamed spotify-web-api-node@2.3.6
55 verbose addNamed "2.3.6" is a plain semver version for spotify-web-api-node
56 silly cache afterAdd spotify-web-api-node@2.3.6
57 verbose afterAdd /home/ubuntu/.npm/spotify-web-api-node/2.3.6/package/package.json not in flight; writing
58 verbose correctMkdir /home/ubuntu/.npm correctMkdir not in flight; initializing
59 verbose afterAdd /home/ubuntu/.npm/spotify-web-api-node/2.3.6/package/package.json written
60 silly fetchNamedPackageData superagent
61 silly mapToRegistry name superagent
62 silly mapToRegistry using default registry
63 silly mapToRegistry registry https://registry.npmjs.org/
64 silly mapToRegistry data Result {
64 silly mapToRegistry   raw: 'superagent',
64 silly mapToRegistry   scope: null,
64 silly mapToRegistry   escapedName: 'superagent',
64 silly mapToRegistry   name: 'superagent',
64 silly mapToRegistry   rawSpec: '',
64 silly mapToRegistry   spec: 'latest',
64 silly mapToRegistry   type: 'tag' }
65 silly mapToRegistry uri https://registry.npmjs.org/superagent
66 verbose request uri https://registry.npmjs.org/superagent
67 verbose request no auth needed
68 info attempt registry request try #1 at 1:08:54 AM
69 verbose etag W/"5894e843-2c394"
70 verbose lastModified Fri, 03 Feb 2017 20:29:55 GMT
71 http request GET https://registry.npmjs.org/superagent
72 http 304 https://registry.npmjs.org/superagent
73 verbose headers { date: 'Sun, 05 Feb 2017 01:09:04 GMT',
73 verbose headers   via: '1.1 varnish',
73 verbose headers   'cache-control': 'max-age=300',
73 verbose headers   etag: 'W/"5894e843-2c394"',
73 verbose headers   age: '150',
73 verbose headers   connection: 'keep-alive',
73 verbose headers   'x-served-by': 'cache-lcy1127-LCY',
73 verbose headers   'x-cache': 'HIT',
73 verbose headers   'x-cache-hits': '1',
73 verbose headers   'x-timer': 'S1486256944.287714,VS0,VE0',
73 verbose headers   vary: 'Accept-Encoding' }
74 silly get cb [ 304,
74 silly get   { date: 'Sun, 05 Feb 2017 01:09:04 GMT',
74 silly get     via: '1.1 varnish',
74 silly get     'cache-control': 'max-age=300',
74 silly get     etag: 'W/"5894e843-2c394"',
74 silly get     age: '150',
74 silly get     connection: 'keep-alive',
74 silly get     'x-served-by': 'cache-lcy1127-LCY',
74 silly get     'x-cache': 'HIT',
74 silly get     'x-cache-hits': '1',
74 silly get     'x-timer': 'S1486256944.287714,VS0,VE0',
74 silly get     vary: 'Accept-Encoding' } ]
75 verbose etag https://registry.npmjs.org/superagent from cache
76 verbose get saving superagent to /home/ubuntu/.npm/registry.npmjs.org/superagent/.cache.json
77 verbose correctMkdir /home/ubuntu/.npm correctMkdir not in flight; initializing
78 silly resolveWithNewModule superagent@2.3.0 checking installable status
79 silly cache add args [ 'superagent@^2.0.0', null ]
80 verbose cache add spec superagent@^2.0.0
81 silly cache add parsed spec Result {
81 silly cache add   raw: 'superagent@^2.0.0',
81 silly cache add   scope: null,
81 silly cache add   escapedName: 'superagent',
81 silly cache add   name: 'superagent',
81 silly cache add   rawSpec: '^2.0.0',
81 silly cache add   spec: '>=2.0.0 <3.0.0',
81 silly cache add   type: 'range' }
82 silly addNamed superagent@>=2.0.0 <3.0.0
83 verbose addNamed ">=2.0.0 <3.0.0" is a valid semver range for superagent
84 silly addNameRange { name: 'superagent', range: '>=2.0.0 <3.0.0', hasData: false }
85 silly mapToRegistry name superagent
86 silly mapToRegistry using default registry
87 silly mapToRegistry registry https://registry.npmjs.org/
88 silly mapToRegistry data Result {
88 silly mapToRegistry   raw: 'superagent',
88 silly mapToRegistry   scope: null,
88 silly mapToRegistry   escapedName: 'superagent',
88 silly mapToRegistry   name: 'superagent',
88 silly mapToRegistry   rawSpec: '',
88 silly mapToRegistry   spec: 'latest',
88 silly mapToRegistry   type: 'tag' }
89 silly mapToRegistry uri https://registry.npmjs.org/superagent
90 verbose addNameRange registry:https://registry.npmjs.org/superagent not in flight; fetching
91 verbose get https://registry.npmjs.org/superagent not expired, no request
92 silly addNameRange number 2 { name: 'superagent', range: '>=2.0.0 <3.0.0', hasData: true }
93 silly addNameRange versions [ 'superagent',
93 silly addNameRange   [ '0.1.1',
93 silly addNameRange     '0.1.2',
93 silly addNameRange     '0.1.3',
93 silly addNameRange     '0.2.0',
93 silly addNameRange     '0.3.0',
93 silly addNameRange     '0.4.0',
93 silly addNameRange     '0.4.1',
93 silly addNameRange     '0.4.2',
93 silly addNameRange     '0.4.3',
93 silly addNameRange     '0.5.0',
93 silly addNameRange     '0.5.1',
93 silly addNameRange     '0.6.0',
93 silly addNameRange     '0.7.0',
93 silly addNameRange     '0.8.0',
93 silly addNameRange     '0.8.1',
93 silly addNameRange     '0.8.2',
93 silly addNameRange     '0.9.0',
93 silly addNameRange     '0.9.1',
93 silly addNameRange     '0.9.2',
93 silly addNameRange     '0.9.3',
93 silly addNameRange     '0.9.4',
93 silly addNameRange     '0.9.5',
93 silly addNameRange     '0.9.6',
93 silly addNameRange     '0.9.7',
93 silly addNameRange     '0.9.8',
93 silly addNameRange     '0.9.9',
93 silly addNameRange     '0.9.10',
93 silly addNameRange     '0.10.0',
93 silly addNameRange     '0.11.0',
93 silly addNameRange     '0.12.0',
93 silly addNameRange     '0.12.1',
93 silly addNameRange     '0.12.2',
93 silly addNameRange     '0.12.3',
93 silly addNameRange     '0.12.4',
93 silly addNameRange     '0.13.0',
93 silly addNameRange     '0.14.0',
93 silly addNameRange     '0.14.1',
93 silly addNameRange     '0.14.2',
93 silly addNameRange     '0.14.3',
93 silly addNameRange     '0.14.4',
93 silly addNameRange     '0.14.5',
93 silly addNameRange     '0.14.6',
93 silly addNameRange     '0.14.7',
93 silly addNameRange     '0.14.8',
93 silly addNameRange     '0.14.9',
93 silly addNameRange     '0.15.0',
93 silly addNameRange     '0.15.1',
93 silly addNameRange     '0.15.2',
93 silly addNameRange     '0.15.3',
93 silly addNameRange     '0.15.4',
93 silly addNameRange     '0.15.5',
93 silly addNameRange     '0.15.6',
93 silly addNameRange     '0.15.7',
93 silly addNameRange     '0.16.0',
93 silly addNameRange     '0.17.0',
93 silly addNameRange     '0.18.0',
93 silly addNameRange     '0.18.1',
93 silly addNameRange     '0.18.2',
93 silly addNameRange     '0.19.0',
93 silly addNameRange     '0.19.1',
93 silly addNameRange     '0.20.0',
93 silly addNameRange     '0.21.0',
93 silly addNameRange     '1.0.0',
93 silly addNameRange     '1.1.0',
93 silly addNameRange     '1.2.0',
93 silly addNameRange     '1.3.0',
93 silly addNameRange     '1.4.0',
93 silly addNameRange     '1.5.0',
93 silly addNameRange     '1.6.0',
93 silly addNameRange     '1.6.1',
93 silly addNameRange     '1.7.0',
93 silly addNameRange     '1.7.1',
93 silly addNameRange     '1.7.2',
93 silly addNameRange     '1.8.0-beta.1',
93 silly addNameRange     '1.8.0-beta.2',
93 silly addNameRange     '1.8.0',
93 silly addNameRange     '1.8.1',
93 silly addNameRange     '1.8.2',
93 silly addNameRange     '1.8.3',
93 silly addNameRange     '2.0.0-alpha.1',
93 silly addNameRange     '2.0.0-alpha.2',
93 silly addNameRange     '2.0.0-alpha.3',
93 silly addNameRange     '2.0.0',
93 silly addNameRange     '2.1.0-beta.1',
93 silly addNameRange     '2.1.0',
93 silly addNameRange     '1.8.4',
93 silly addNameRange     '2.2.0',
93 silly addNameRange     '2.3.0',
93 silly addNameRange     '3.0.0-alpha.1',
93 silly addNameRange     '3.0.0-alpha.2',
93 silly addNameRange     '3.0.0-alpha.3',
93 silly addNameRange     '3.0.0',
93 silly addNameRange     '3.1.0',
93 silly addNameRange     '1.8.5',
93 silly addNameRange     '3.2.0',
93 silly addNameRange     '3.2.1',
93 silly addNameRange     '3.3.0',
93 silly addNameRange     '3.3.1',
93 silly addNameRange     '3.3.2',
93 silly addNameRange     '3.4.0',
93 silly addNameRange     ... 2 more items ] ]
94 silly addNamed superagent@2.3.0
95 verbose addNamed "2.3.0" is a plain semver version for superagent
96 silly cache afterAdd superagent@2.3.0
97 verbose afterAdd /home/ubuntu/.npm/superagent/2.3.0/package/package.json not in flight; writing
98 verbose correctMkdir /home/ubuntu/.npm correctMkdir not in flight; initializing
99 verbose afterAdd /home/ubuntu/.npm/superagent/2.3.0/package/package.json written
100 silly fetchNamedPackageData mime
101 silly mapToRegistry name mime
102 silly mapToRegistry using default registry
103 silly mapToRegistry registry https://registry.npmjs.org/
104 silly mapToRegistry data Result {
104 silly mapToRegistry   raw: 'mime',
104 silly mapToRegistry   scope: null,
104 silly mapToRegistry   escapedName: 'mime',
104 silly mapToRegistry   name: 'mime',
104 silly mapToRegistry   rawSpec: '',
104 silly mapToRegistry   spec: 'latest',
104 silly mapToRegistry   type: 'tag' }
105 silly mapToRegistry uri https://registry.npmjs.org/mime
106 verbose request uri https://registry.npmjs.org/mime
107 verbose request no auth needed
108 info attempt registry request try #1 at 1:08:54 AM
109 verbose etag W/"58947aed-50ed"
110 verbose lastModified Fri, 03 Feb 2017 12:43:25 GMT
111 http request GET https://registry.npmjs.org/mime
112 http 304 https://registry.npmjs.org/mime
113 verbose headers { date: 'Sun, 05 Feb 2017 01:09:04 GMT',
113 verbose headers   via: '1.1 varnish',
113 verbose headers   'cache-control': 'max-age=300',
113 verbose headers   etag: 'W/"58947aed-50ed"',
113 verbose headers   age: '118',
113 verbose headers   connection: 'keep-alive',
113 verbose headers   'x-served-by': 'cache-lcy1127-LCY',
113 verbose headers   'x-cache': 'HIT',
113 verbose headers   'x-cache-hits': '1069',
113 verbose headers   'x-timer': 'S1486256944.340716,VS0,VE0',
113 verbose headers   vary: 'Accept-Encoding' }
114 silly get cb [ 304,
114 silly get   { date: 'Sun, 05 Feb 2017 01:09:04 GMT',
114 silly get     via: '1.1 varnish',
114 silly get     'cache-control': 'max-age=300',
114 silly get     etag: 'W/"58947aed-50ed"',
114 silly get     age: '118',
114 silly get     connection: 'keep-alive',
114 silly get     'x-served-by': 'cache-lcy1127-LCY',
114 silly get     'x-cache': 'HIT',
114 silly get     'x-cache-hits': '1069',
114 silly get     'x-timer': 'S1486256944.340716,VS0,VE0',
114 silly get     vary: 'Accept-Encoding' } ]
115 verbose etag https://registry.npmjs.org/mime from cache
116 verbose get saving mime to /home/ubuntu/.npm/registry.npmjs.org/mime/.cache.json
117 verbose correctMkdir /home/ubuntu/.npm correctMkdir not in flight; initializing
118 silly resolveWithNewModule mime@1.3.4 checking installable status
119 silly cache add args [ 'mime@^1.3.4', null ]
120 verbose cache add spec mime@^1.3.4
121 silly cache add parsed spec Result {
121 silly cache add   raw: 'mime@^1.3.4',
121 silly cache add   scope: null,
121 silly cache add   escapedName: 'mime',
121 silly cache add   name: 'mime',
121 silly cache add   rawSpec: '^1.3.4',
121 silly cache add   spec: '>=1.3.4 <2.0.0',
121 silly cache add   type: 'range' }
122 silly addNamed mime@>=1.3.4 <2.0.0
123 verbose addNamed ">=1.3.4 <2.0.0" is a valid semver range for mime
124 silly addNameRange { name: 'mime', range: '>=1.3.4 <2.0.0', hasData: false }
125 silly mapToRegistry name mime
126 silly mapToRegistry using default registry
127 silly mapToRegistry registry https://registry.npmjs.org/
128 silly mapToRegistry data Result {
128 silly mapToRegistry   raw: 'mime',
128 silly mapToRegistry   scope: null,
128 silly mapToRegistry   escapedName: 'mime',
128 silly mapToRegistry   name: 'mime',
128 silly mapToRegistry   rawSpec: '',
128 silly mapToRegistry   spec: 'latest',
128 silly mapToRegistry   type: 'tag' }
129 silly mapToRegistry uri https://registry.npmjs.org/mime
130 verbose addNameRange registry:https://registry.npmjs.org/mime not in flight; fetching
131 verbose get https://registry.npmjs.org/mime not expired, no request
132 silly addNameRange number 2 { name: 'mime', range: '>=1.3.4 <2.0.0', hasData: true }
133 silly addNameRange versions [ 'mime',
133 silly addNameRange   [ '1.0.0',
133 silly addNameRange     '1.1.0',
133 silly addNameRange     '1.2.1',
133 silly addNameRange     '1.2.2',
133 silly addNameRange     '1.2.3',
133 silly addNameRange     '1.2.4',
133 silly addNameRange     '1.2.5',
133 silly addNameRange     '1.2.6',
133 silly addNameRange     '1.2.7',
133 silly addNameRange     '1.2.8',
133 silly addNameRange     '1.2.9',
133 silly addNameRange     '1.2.10',
133 silly addNameRange     '1.2.11',
133 silly addNameRange     '1.3.0',
133 silly addNameRange     '1.3.2',
133 silly addNameRange     '1.3.3',
133 silly addNameRange     '1.3.4' ] ]
134 silly addNamed mime@1.3.4
135 verbose addNamed "1.3.4" is a plain semver version for mime
136 silly cache afterAdd mime@1.3.4
137 verbose afterAdd /home/ubuntu/.npm/mime/1.3.4/package/package.json not in flight; writing
138 verbose correctMkdir /home/ubuntu/.npm correctMkdir not in flight; initializing
139 verbose afterAdd /home/ubuntu/.npm/mime/1.3.4/package/package.json written
140 silly loadAllDepsIntoIdealTree Finishing
141 silly loadIdealTree Finishing
142 silly currentTree rithm
142 silly currentTree ├── async@1.5.2
142 silly currentTree ├── buffer-shims@1.0.0
142 silly currentTree ├── combined-stream@1.0.5
142 silly currentTree ├── component-emitter@1.2.1
142 silly currentTree ├── cookiejar@2.1.0
142 silly currentTree ├── core-util-is@1.0.2
142 silly currentTree ├── debug@2.6.0
142 silly currentTree ├── delayed-stream@1.0.0
142 silly currentTree ├── extend@3.0.0
142 silly currentTree ├── form-data@1.0.0-rc4
142 silly currentTree ├── formidable@1.1.1
142 silly currentTree ├── inherits@2.0.3
142 silly currentTree ├── isarray@1.0.0
142 silly currentTree ├── methods@1.1.2
142 silly currentTree ├── mime-db@1.26.0
142 silly currentTree ├── mime-types@2.1.14
142 silly currentTree ├── ms@0.7.2
142 silly currentTree ├── process-nextick-args@1.0.7
142 silly currentTree ├── qs@6.3.0
142 silly currentTree ├── readable-stream@2.2.2
142 silly currentTree ├── string_decoder@0.10.31
142 silly currentTree └── util-deprecate@1.0.2
143 silly idealTree rithm
143 silly idealTree ├── async@1.5.2
143 silly idealTree ├── buffer-shims@1.0.0
143 silly idealTree ├── combined-stream@1.0.5
143 silly idealTree ├── component-emitter@1.2.1
143 silly idealTree ├── cookiejar@2.1.0
143 silly idealTree ├── core-util-is@1.0.2
143 silly idealTree ├── debug@2.6.0
143 silly idealTree ├── delayed-stream@1.0.0
143 silly idealTree ├── extend@3.0.0
143 silly idealTree ├── form-data@1.0.0-rc4
143 silly idealTree ├── formidable@1.1.1
143 silly idealTree ├── inherits@2.0.3
143 silly idealTree ├── isarray@1.0.0
143 silly idealTree ├── methods@1.1.2
143 silly idealTree ├── mime-db@1.26.0
143 silly idealTree ├── mime-types@2.1.14
143 silly idealTree ├── mime@1.3.4
143 silly idealTree ├── ms@0.7.2
143 silly idealTree ├── process-nextick-args@1.0.7
143 silly idealTree ├── qs@6.3.0
143 silly idealTree ├── readable-stream@2.2.2
143 silly idealTree ├── spotify-web-api-node@2.3.6
143 silly idealTree ├── string_decoder@0.10.31
143 silly idealTree ├── superagent@2.3.0
143 silly idealTree └── util-deprecate@1.0.2
144 silly generateActionsToTake Starting
145 silly install generateActionsToTake
146 silly generateActionsToTake Finishing
147 silly diffTrees action count 3
148 silly diffTrees add mime@1.3.4
149 silly diffTrees add superagent@2.3.0
150 silly diffTrees add spotify-web-api-node@2.3.6
151 silly decomposeActions action count 24
152 silly decomposeActions fetch mime@1.3.4
153 silly decomposeActions extract mime@1.3.4
154 silly decomposeActions test mime@1.3.4
155 silly decomposeActions preinstall mime@1.3.4
156 silly decomposeActions build mime@1.3.4
157 silly decomposeActions install mime@1.3.4
158 silly decomposeActions postinstall mime@1.3.4
159 silly decomposeActions finalize mime@1.3.4
160 silly decomposeActions fetch superagent@2.3.0
161 silly decomposeActions extract superagent@2.3.0
162 silly decomposeActions test superagent@2.3.0
163 silly decomposeActions preinstall superagent@2.3.0
164 silly decomposeActions build superagent@2.3.0
165 silly decomposeActions install superagent@2.3.0
166 silly decomposeActions postinstall superagent@2.3.0
167 silly decomposeActions finalize superagent@2.3.0
168 silly decomposeActions fetch spotify-web-api-node@2.3.6
169 silly decomposeActions extract spotify-web-api-node@2.3.6
170 silly decomposeActions test spotify-web-api-node@2.3.6
171 silly decomposeActions preinstall spotify-web-api-node@2.3.6
172 silly decomposeActions build spotify-web-api-node@2.3.6
173 silly decomposeActions install spotify-web-api-node@2.3.6
174 silly decomposeActions postinstall spotify-web-api-node@2.3.6
175 silly decomposeActions finalize spotify-web-api-node@2.3.6
176 silly runTopLevelLifecycles Starting
177 silly executeActions Starting
178 silly install executeActions
179 silly doSerial global-install 0
180 silly doParallel fetch 3
181 verbose correctMkdir /home/ubuntu/.npm/_locks correctMkdir not in flight; initializing
182 verbose lock using /home/ubuntu/.npm/_locks/staging-ab50330309c6cdb0.lock for /vagrant/rithm/node_modules/.staging
183 silly doParallel extract 3
184 silly extract mime@1.3.4
185 silly extract superagent@2.3.0
186 silly extract spotify-web-api-node@2.3.6
187 verbose unbuild node_modules/.staging/superagent-fa88c265
188 verbose unbuild node_modules/.staging/spotify-web-api-node-0fb4d687
189 verbose unbuild node_modules/.staging/mime-6b84f2a3
190 silly gentlyRm /vagrant/rithm/node_modules/.staging/superagent-fa88c265 is being purged from base /vagrant/rithm
191 verbose gentlyRm don't care about contents; nuking /vagrant/rithm/node_modules/.staging/superagent-fa88c265
192 silly gentlyRm /vagrant/rithm/node_modules/.staging/spotify-web-api-node-0fb4d687 is being purged from base /vagrant/rithm
193 verbose gentlyRm don't care about contents; nuking /vagrant/rithm/node_modules/.staging/spotify-web-api-node-0fb4d687
194 silly gentlyRm /vagrant/rithm/node_modules/.staging/mime-6b84f2a3 is being purged from base /vagrant/rithm
195 verbose gentlyRm don't care about contents; nuking /vagrant/rithm/node_modules/.staging/mime-6b84f2a3
196 verbose tar unpack /home/ubuntu/.npm/superagent/2.3.0/package.tgz
197 verbose tar unpacking to /vagrant/rithm/node_modules/.staging/superagent-fa88c265
198 silly gentlyRm /vagrant/rithm/node_modules/.staging/superagent-fa88c265 is being purged
199 verbose gentlyRm don't care about contents; nuking /vagrant/rithm/node_modules/.staging/superagent-fa88c265
200 verbose tar unpack /home/ubuntu/.npm/spotify-web-api-node/2.3.6/package.tgz
201 verbose tar unpacking to /vagrant/rithm/node_modules/.staging/spotify-web-api-node-0fb4d687
202 silly gentlyRm /vagrant/rithm/node_modules/.staging/spotify-web-api-node-0fb4d687 is being purged
203 verbose gentlyRm don't care about contents; nuking /vagrant/rithm/node_modules/.staging/spotify-web-api-node-0fb4d687
204 verbose tar unpack /home/ubuntu/.npm/mime/1.3.4/package.tgz
205 verbose tar unpacking to /vagrant/rithm/node_modules/.staging/mime-6b84f2a3
206 silly gentlyRm /vagrant/rithm/node_modules/.staging/mime-6b84f2a3 is being purged
207 verbose gentlyRm don't care about contents; nuking /vagrant/rithm/node_modules/.staging/mime-6b84f2a3
208 silly gunzTarPerm modes [ '775', '664' ]
209 silly gunzTarPerm modes [ '775', '664' ]
210 silly gunzTarPerm modes [ '775', '664' ]
211 silly gunzTarPerm extractEntry package.json
212 silly gunzTarPerm modified mode [ 'package.json', 420, 436 ]
213 silly gunzTarPerm extractEntry package.json
214 silly gunzTarPerm modified mode [ 'package.json', 420, 436 ]
215 silly gunzTarPerm extractEntry package.json
216 silly gunzTarPerm modified mode [ 'package.json', 420, 436 ]
217 silly gunzTarPerm extractEntry .npmignore
218 silly gunzTarPerm modified mode [ '.npmignore', 420, 436 ]
219 silly gunzTarPerm extractEntry LICENSE
220 silly gunzTarPerm modified mode [ 'LICENSE', 420, 436 ]
221 silly gunzTarPerm extractEntry LICENSE
222 silly gunzTarPerm modified mode [ 'LICENSE', 420, 436 ]
223 silly gunzTarPerm extractEntry HISTORY.md
224 silly gunzTarPerm modified mode [ 'HISTORY.md', 420, 436 ]
225 silly gunzTarPerm extractEntry .npmignore
226 silly gunzTarPerm modified mode [ '.npmignore', 420, 436 ]
227 silly gunzTarPerm extractEntry README.md
228 silly gunzTarPerm modified mode [ 'README.md', 420, 436 ]
229 silly gunzTarPerm extractEntry superagent.js
230 silly gunzTarPerm modified mode [ 'superagent.js', 420, 436 ]
231 silly gunzTarPerm extractEntry Readme.md
232 silly gunzTarPerm modified mode [ 'Readme.md', 420, 436 ]
233 silly gunzTarPerm extractEntry Contributing.md
234 silly gunzTarPerm modified mode [ 'Contributing.md', 420, 436 ]
235 silly gunzTarPerm extractEntry History.md
236 silly gunzTarPerm modified mode [ 'History.md', 420, 436 ]
237 silly gunzTarPerm extractEntry Makefile
238 silly gunzTarPerm modified mode [ 'Makefile', 420, 436 ]
239 silly gunzTarPerm extractEntry component.json
240 silly gunzTarPerm modified mode [ 'component.json', 420, 436 ]
241 silly gunzTarPerm extractEntry docs/head.html
242 silly gunzTarPerm modified mode [ 'docs/head.html', 420, 436 ]
243 silly gunzTarPerm extractEntry docs/images/bg.png
244 silly gunzTarPerm modified mode [ 'docs/images/bg.png', 420, 436 ]
245 silly gunzTarPerm extractEntry docs/index.md
246 silly gunzTarPerm modified mode [ 'docs/index.md', 420, 436 ]
247 silly gunzTarPerm extractEntry docs/style.css
248 silly gunzTarPerm modified mode [ 'docs/style.css', 420, 436 ]
249 silly gunzTarPerm extractEntry docs/tail.html
250 silly gunzTarPerm modified mode [ 'docs/tail.html', 420, 436 ]
251 silly gunzTarPerm extractEntry docs/test.html
252 silly gunzTarPerm modified mode [ 'docs/test.html', 420, 436 ]
253 silly gunzTarPerm extractEntry lib/client.js
254 silly gunzTarPerm modified mode [ 'lib/client.js', 420, 436 ]
255 silly gunzTarPerm extractEntry lib/is-object.js
256 silly gunzTarPerm modified mode [ 'lib/is-object.js', 420, 436 ]
257 silly gunzTarPerm extractEntry lib/request-base.js
258 silly gunzTarPerm modified mode [ 'lib/request-base.js', 420, 436 ]
259 silly gunzTarPerm extractEntry lib/request.js
260 silly gunzTarPerm modified mode [ 'lib/request.js', 420, 436 ]
261 silly gunzTarPerm extractEntry lib/node/agent.js
262 silly gunzTarPerm modified mode [ 'lib/node/agent.js', 420, 436 ]
263 silly gunzTarPerm extractEntry lib/node/index.js
264 silly gunzTarPerm modified mode [ 'lib/node/index.js', 420, 436 ]
265 silly gunzTarPerm extractEntry lib/node/part.js
266 silly gunzTarPerm modified mode [ 'lib/node/part.js', 420, 436 ]
267 silly gunzTarPerm extractEntry lib/node/response.js
268 silly gunzTarPerm modified mode [ 'lib/node/response.js', 420, 436 ]
269 silly gunzTarPerm extractEntry lib/node/utils.js
270 silly gunzTarPerm modified mode [ 'lib/node/utils.js', 420, 436 ]
271 silly gunzTarPerm extractEntry lib/node/parsers/image.js
272 silly gunzTarPerm modified mode [ 'lib/node/parsers/image.js', 420, 436 ]
273 silly gunzTarPerm extractEntry lib/node/parsers/index.js
274 silly gunzTarPerm modified mode [ 'lib/node/parsers/index.js', 420, 436 ]
275 silly gunzTarPerm extractEntry lib/node/parsers/json.js
276 silly gunzTarPerm modified mode [ 'lib/node/parsers/json.js', 420, 436 ]
277 silly gunzTarPerm extractEntry lib/node/parsers/text.js
278 silly gunzTarPerm modified mode [ 'lib/node/parsers/text.js', 420, 436 ]
279 silly gunzTarPerm extractEntry lib/node/parsers/urlencoded.js
280 silly gunzTarPerm modified mode [ 'lib/node/parsers/urlencoded.js', 420, 436 ]
281 silly gunzTarPerm extractEntry .travis.yml
282 silly gunzTarPerm modified mode [ '.travis.yml', 420, 436 ]
283 silly gunzTarPerm extractEntry .zuul.yml
284 silly gunzTarPerm modified mode [ '.zuul.yml', 420, 436 ]
285 silly gunzTarPerm extractEntry .coveralls.yml
286 silly gunzTarPerm modified mode [ '.coveralls.yml', 420, 436 ]
287 silly gunzTarPerm extractEntry examples/access-token-refresh.js
288 silly gunzTarPerm modified mode [ 'examples/access-token-refresh.js', 420, 436 ]
289 silly gunzTarPerm extractEntry LICENSE
290 silly gunzTarPerm modified mode [ 'LICENSE', 420, 436 ]
291 silly gunzTarPerm extractEntry cli.js
292 silly gunzTarPerm modified mode [ 'cli.js', 420, 436 ]
293 silly gunzTarPerm extractEntry mime.js
294 silly gunzTarPerm modified mode [ 'mime.js', 420, 436 ]
295 silly gunzTarPerm extractEntry build/build.js
296 silly gunzTarPerm modified mode [ 'build/build.js', 420, 436 ]
297 silly gunzTarPerm extractEntry examples/access-token-using-client-credentials.js
298 silly gunzTarPerm modified mode [ 'examples/access-token-using-client-credentials.js', 420, 436 ]
299 silly gunzTarPerm extractEntry examples/add-remove-replace-tracks-in-a-playlist.js
300 silly gunzTarPerm modified mode [ 'examples/add-remove-replace-tracks-in-a-playlist.js',
300 silly gunzTarPerm   420,
300 silly gunzTarPerm   436 ]
301 silly gunzTarPerm extractEntry examples/add-tracks-to-a-playlist.js
302 silly gunzTarPerm modified mode [ 'examples/add-tracks-to-a-playlist.js', 420, 436 ]
303 silly gunzTarPerm extractEntry examples/get-info-about-current-user.js
304 silly gunzTarPerm modified mode [ 'examples/get-info-about-current-user.js', 420, 436 ]
305 silly gunzTarPerm extractEntry examples/get-related-artists.js
306 silly gunzTarPerm modified mode [ 'examples/get-related-artists.js', 420, 436 ]
307 silly gunzTarPerm extractEntry examples/get-top-tracks-for-artist.js
308 silly gunzTarPerm modified mode [ 'examples/get-top-tracks-for-artist.js', 420, 436 ]
309 silly gunzTarPerm extractEntry examples/search-for-tracks.js
310 silly gunzTarPerm modified mode [ 'examples/search-for-tracks.js', 420, 436 ]
311 silly gunzTarPerm extractEntry src/authentication-request.js
312 silly gunzTarPerm modified mode [ 'src/authentication-request.js', 420, 436 ]
313 silly gunzTarPerm extractEntry src/base-request.js
314 silly gunzTarPerm modified mode [ 'src/base-request.js', 420, 436 ]
315 silly gunzTarPerm extractEntry src/client.js
316 silly gunzTarPerm modified mode [ 'src/client.js', 420, 436 ]
317 silly gunzTarPerm extractEntry src/http-manager.js
318 silly gunzTarPerm modified mode [ 'src/http-manager.js', 420, 436 ]
319 silly gunzTarPerm extractEntry src/server-methods.js
320 silly gunzTarPerm modified mode [ 'src/server-methods.js', 420, 436 ]
321 silly gunzTarPerm extractEntry src/server.js
322 silly gunzTarPerm modified mode [ 'src/server.js', 420, 436 ]
323 silly gunzTarPerm extractEntry src/spotify-web-api.js
324 silly gunzTarPerm modified mode [ 'src/spotify-web-api.js', 420, 436 ]
325 silly gunzTarPerm extractEntry src/webapi-error.js
326 silly gunzTarPerm modified mode [ 'src/webapi-error.js', 420, 436 ]
327 silly gunzTarPerm extractEntry src/webapi-request.js
328 silly gunzTarPerm modified mode [ 'src/webapi-request.js', 420, 436 ]
329 silly gunzTarPerm extractEntry .travis.yml
330 silly gunzTarPerm modified mode [ '.travis.yml', 420, 436 ]
331 silly gunzTarPerm extractEntry build/test.js
332 silly gunzTarPerm modified mode [ 'build/test.js', 420, 436 ]
333 silly gunzTarPerm extractEntry types.json
334 silly gunzTarPerm modified mode [ 'types.json', 420, 436 ]
335 silly gentlyRm /vagrant/rithm/node_modules/.staging/mime-6b84f2a3/node_modules is being purged
336 verbose gentlyRm don't care about contents; nuking /vagrant/rithm/node_modules/.staging/mime-6b84f2a3/node_modules
337 silly gentlyRm /vagrant/rithm/node_modules/.staging/spotify-web-api-node-0fb4d687/node_modules is being purged
338 verbose gentlyRm don't care about contents; nuking /vagrant/rithm/node_modules/.staging/spotify-web-api-node-0fb4d687/node_modules
339 silly gentlyRm /vagrant/rithm/node_modules/.staging/superagent-fa88c265/node_modules is being purged
340 verbose gentlyRm don't care about contents; nuking /vagrant/rithm/node_modules/.staging/superagent-fa88c265/node_modules
341 silly doParallel preinstall 3
342 silly preinstall mime@1.3.4
343 info lifecycle mime@1.3.4~preinstall: mime@1.3.4
344 silly preinstall superagent@2.3.0
345 info lifecycle superagent@2.3.0~preinstall: superagent@2.3.0
346 silly preinstall spotify-web-api-node@2.3.6
347 info lifecycle spotify-web-api-node@2.3.6~preinstall: spotify-web-api-node@2.3.6
348 silly lifecycle superagent@2.3.0~preinstall: no script for preinstall, continuing
349 silly lifecycle mime@1.3.4~preinstall: no script for preinstall, continuing
350 silly lifecycle spotify-web-api-node@2.3.6~preinstall: no script for preinstall, continuing
351 silly doReverseSerial remove 0
352 silly doSerial move 0
353 silly doSerial finalize 3
354 silly finalize /vagrant/rithm/node_modules/mime
355 silly finalize /vagrant/rithm/node_modules/superagent
356 silly finalize /vagrant/rithm/node_modules/spotify-web-api-node
357 silly doSerial build 3
358 silly build mime@1.3.4
359 info linkStuff mime@1.3.4
360 silly linkStuff mime@1.3.4 has /vagrant/rithm/node_modules as its parent node_modules
361 verbose linkBins mime@1.3.4
362 verbose linkBins [ { mime: 'cli.js' }, '/vagrant/rithm/node_modules/.bin', false ]
363 verbose linkMans mime@1.3.4
364 silly gentlyRm /vagrant/rithm/node_modules/.bin/mime is being purged
365 verbose gentlyRm don't care about contents; nuking /vagrant/rithm/node_modules/.bin/mime
366 verbose unlock done using /home/ubuntu/.npm/_locks/staging-ab50330309c6cdb0.lock for /vagrant/rithm/node_modules/.staging
367 silly rollbackFailedOptional Starting
368 silly gentlyRm /vagrant/rithm/node_modules/mime is being purged from base /vagrant/rithm
369 verbose gentlyRm don't care about contents; nuking /vagrant/rithm/node_modules/mime
370 silly gentlyRm /vagrant/rithm/node_modules/mime is being purged from base /vagrant/rithm
371 verbose gentlyRm don't care about contents; nuking /vagrant/rithm/node_modules/mime
372 silly gentlyRm /vagrant/rithm/node_modules/mime is being purged from base /vagrant/rithm
373 verbose gentlyRm don't care about contents; nuking /vagrant/rithm/node_modules/mime
374 silly gentlyRm /vagrant/rithm/node_modules/mime is being purged from base /vagrant/rithm
375 verbose gentlyRm don't care about contents; nuking /vagrant/rithm/node_modules/mime
376 silly gentlyRm /vagrant/rithm/node_modules/mime is being purged from base /vagrant/rithm
377 verbose gentlyRm don't care about contents; nuking /vagrant/rithm/node_modules/mime
378 silly gentlyRm /vagrant/rithm/node_modules/mime is being purged from base /vagrant/rithm
379 verbose gentlyRm don't care about contents; nuking /vagrant/rithm/node_modules/mime
380 silly gentlyRm /vagrant/rithm/node_modules/mime is being purged from base /vagrant/rithm
381 verbose gentlyRm don't care about contents; nuking /vagrant/rithm/node_modules/mime
382 silly gentlyRm /vagrant/rithm/node_modules/mime is being purged from base /vagrant/rithm
383 verbose gentlyRm don't care about contents; nuking /vagrant/rithm/node_modules/mime
384 silly gentlyRm /vagrant/rithm/node_modules/superagent is being purged from base /vagrant/rithm
385 verbose gentlyRm don't care about contents; nuking /vagrant/rithm/node_modules/superagent
386 silly gentlyRm /vagrant/rithm/node_modules/superagent is being purged from base /vagrant/rithm
387 verbose gentlyRm don't care about contents; nuking /vagrant/rithm/node_modules/superagent
388 silly gentlyRm /vagrant/rithm/node_modules/superagent is being purged from base /vagrant/rithm
389 verbose gentlyRm don't care about contents; nuking /vagrant/rithm/node_modules/superagent
390 silly gentlyRm /vagrant/rithm/node_modules/superagent is being purged from base /vagrant/rithm
391 verbose gentlyRm don't care about contents; nuking /vagrant/rithm/node_modules/superagent
392 silly gentlyRm /vagrant/rithm/node_modules/superagent is being purged from base /vagrant/rithm
393 verbose gentlyRm don't care about contents; nuking /vagrant/rithm/node_modules/superagent
394 silly gentlyRm /vagrant/rithm/node_modules/superagent is being purged from base /vagrant/rithm
395 verbose gentlyRm don't care about contents; nuking /vagrant/rithm/node_modules/superagent
396 silly gentlyRm /vagrant/rithm/node_modules/superagent is being purged from base /vagrant/rithm
397 verbose gentlyRm don't care about contents; nuking /vagrant/rithm/node_modules/superagent
398 silly gentlyRm /vagrant/rithm/node_modules/superagent is being purged from base /vagrant/rithm
399 verbose gentlyRm don't care about contents; nuking /vagrant/rithm/node_modules/superagent
400 silly gentlyRm /vagrant/rithm/node_modules/spotify-web-api-node is being purged from base /vagrant/rithm
401 verbose gentlyRm don't care about contents; nuking /vagrant/rithm/node_modules/spotify-web-api-node
402 silly gentlyRm /vagrant/rithm/node_modules/spotify-web-api-node is being purged from base /vagrant/rithm
403 verbose gentlyRm don't care about contents; nuking /vagrant/rithm/node_modules/spotify-web-api-node
404 silly gentlyRm /vagrant/rithm/node_modules/spotify-web-api-node is being purged from base /vagrant/rithm
405 verbose gentlyRm don't care about contents; nuking /vagrant/rithm/node_modules/spotify-web-api-node
406 silly gentlyRm /vagrant/rithm/node_modules/spotify-web-api-node is being purged from base /vagrant/rithm
407 verbose gentlyRm don't care about contents; nuking /vagrant/rithm/node_modules/spotify-web-api-node
408 silly gentlyRm /vagrant/rithm/node_modules/spotify-web-api-node is being purged from base /vagrant/rithm
409 verbose gentlyRm don't care about contents; nuking /vagrant/rithm/node_modules/spotify-web-api-node
410 silly gentlyRm /vagrant/rithm/node_modules/spotify-web-api-node is being purged from base /vagrant/rithm
411 verbose gentlyRm don't care about contents; nuking /vagrant/rithm/node_modules/spotify-web-api-node
412 silly gentlyRm /vagrant/rithm/node_modules/spotify-web-api-node is being purged from base /vagrant/rithm
413 verbose gentlyRm don't care about contents; nuking /vagrant/rithm/node_modules/spotify-web-api-node
414 silly gentlyRm /vagrant/rithm/node_modules/spotify-web-api-node is being purged from base /vagrant/rithm
415 verbose gentlyRm don't care about contents; nuking /vagrant/rithm/node_modules/spotify-web-api-node
416 silly vacuum-fs purging /vagrant/rithm/node_modules/mime
417 silly vacuum-fs purging /vagrant/rithm/node_modules/mime
418 silly vacuum-fs purging /vagrant/rithm/node_modules/mime
419 silly vacuum-fs purging /vagrant/rithm/node_modules/mime
420 silly vacuum-fs purging /vagrant/rithm/node_modules/mime
421 silly vacuum-fs purging /vagrant/rithm/node_modules/mime
422 silly vacuum-fs purging /vagrant/rithm/node_modules/mime
423 silly vacuum-fs purging /vagrant/rithm/node_modules/mime
424 silly vacuum-fs purging /vagrant/rithm/node_modules/superagent
425 silly vacuum-fs purging /vagrant/rithm/node_modules/superagent
426 silly vacuum-fs purging /vagrant/rithm/node_modules/superagent
427 silly vacuum-fs purging /vagrant/rithm/node_modules/superagent
428 silly vacuum-fs purging /vagrant/rithm/node_modules/superagent
429 silly vacuum-fs purging /vagrant/rithm/node_modules/superagent
430 silly vacuum-fs purging /vagrant/rithm/node_modules/superagent
431 silly vacuum-fs purging /vagrant/rithm/node_modules/superagent
432 silly vacuum-fs purging /vagrant/rithm/node_modules/spotify-web-api-node
433 silly vacuum-fs purging /vagrant/rithm/node_modules/spotify-web-api-node
434 silly vacuum-fs purging /vagrant/rithm/node_modules/spotify-web-api-node
435 silly vacuum-fs purging /vagrant/rithm/node_modules/spotify-web-api-node
436 silly vacuum-fs purging /vagrant/rithm/node_modules/spotify-web-api-node
437 silly vacuum-fs purging /vagrant/rithm/node_modules/spotify-web-api-node
438 silly vacuum-fs purging /vagrant/rithm/node_modules/spotify-web-api-node
439 silly vacuum-fs purging /vagrant/rithm/node_modules/spotify-web-api-node
440 silly vacuum-fs quitting because other entries in /vagrant/rithm/node_modules
441 silly vacuum-fs quitting because other entries in /vagrant/rithm/node_modules
442 silly vacuum-fs quitting because other entries in /vagrant/rithm/node_modules
443 silly vacuum-fs quitting because other entries in /vagrant/rithm/node_modules
444 silly vacuum-fs quitting because other entries in /vagrant/rithm/node_modules
445 silly vacuum-fs quitting because other entries in /vagrant/rithm/node_modules
446 silly vacuum-fs quitting because other entries in /vagrant/rithm/node_modules
447 silly vacuum-fs quitting because other entries in /vagrant/rithm/node_modules
448 silly vacuum-fs quitting because other entries in /vagrant/rithm/node_modules
449 silly vacuum-fs quitting because other entries in /vagrant/rithm/node_modules
450 silly vacuum-fs quitting because other entries in /vagrant/rithm/node_modules
451 silly vacuum-fs quitting because other entries in /vagrant/rithm/node_modules
452 silly vacuum-fs quitting because other entries in /vagrant/rithm/node_modules
453 silly vacuum-fs quitting because other entries in /vagrant/rithm/node_modules
454 silly vacuum-fs quitting because other entries in /vagrant/rithm/node_modules
455 silly vacuum-fs quitting because other entries in /vagrant/rithm/node_modules
456 silly vacuum-fs quitting because other entries in /vagrant/rithm/node_modules
457 silly vacuum-fs quitting because other entries in /vagrant/rithm/node_modules
458 silly vacuum-fs quitting because other entries in /vagrant/rithm/node_modules
459 silly vacuum-fs quitting because other entries in /vagrant/rithm/node_modules
460 silly vacuum-fs quitting because other entries in /vagrant/rithm/node_modules
461 silly vacuum-fs quitting because other entries in /vagrant/rithm/node_modules
462 silly vacuum-fs quitting because other entries in /vagrant/rithm/node_modules
463 silly vacuum-fs quitting because other entries in /vagrant/rithm/node_modules
464 silly rollbackFailedOptional Finishing
465 silly runTopLevelLifecycles Finishing
466 silly install printInstalled
467 warn enoent ENOENT: no such file or directory, open '/vagrant/rithm/package.json'
468 verbose enoent ENOENT: no such file or directory, open '/vagrant/rithm/package.json'
468 verbose enoent This is most likely not a problem with npm itself
468 verbose enoent and is related to npm not being able to find a file.
469 warn rithm No description
470 verbose If you need help, you may report this error at:
470 verbose     <https://github.com/npm/npm/issues>
471 warn rithm No repository field.
472 verbose If you need help, you may report this error at:
472 verbose     <https://github.com/npm/npm/issues>
473 warn rithm No README data
474 verbose If you need help, you may report this error at:
474 verbose     <https://github.com/npm/npm/issues>
475 warn rithm No license field.
476 verbose If you need help, you may report this error at:
476 verbose     <https://github.com/npm/npm/issues>
477 verbose stack Error: EPROTO: protocol error, symlink '../mime/cli.js' -> '/vagrant/rithm/node_modules/.bin/mime'
478 verbose cwd /vagrant/rithm
479 error Linux 4.4.0-59-generic
480 error argv "/usr/bin/nodejs" "/usr/bin/npm" "install" "spotify-web-api-node" "--save"
481 error node v7.4.0
482 error npm  v4.0.5
483 error path ../mime/cli.js
484 error code EPROTO
485 error errno -71
486 error syscall symlink
487 error EPROTO: protocol error, symlink '../mime/cli.js' -> '/vagrant/rithm/node_modules/.bin/mime'
488 error If you need help, you may report this error at:
488 error     <https://github.com/npm/npm/issues>
489 verbose exit [ -71, true ]
