[    0.000000] Initializing cgroup subsys cpuset
[    0.000000] Initializing cgroup subsys cpu
[    0.000000] Initializing cgroup subsys cpuacct
[    0.000000] Linux version 4.4.0-62-generic (buildd@lcy01-30) (gcc version 5.4.0 20160609 (Ubuntu 5.4.0-6ubuntu1~16.04.4) ) #83-Ubuntu SMP Wed Jan 18 14:10:15 UTC 2017 (Ubuntu 4.4.0-62.83-generic 4.4.40)
[    0.000000] Command line: BOOT_IMAGE=/boot/vmlinuz-4.4.0-62-generic root=UUID=9e3eb56f-ee2f-47aa-afaf-6f4e81766d8a ro console=tty1 console=ttyS0
[    0.000000] KERNEL supported cpus:
[    0.000000]   Intel GenuineIntel
[    0.000000]   AMD AuthenticAMD
[    0.000000]   Centaur CentaurHauls
[    0.000000] x86/fpu: xstate_offset[2]:  576, xstate_sizes[2]:  256
[    0.000000] x86/fpu: Supporting XSAVE feature 0x01: 'x87 floating point registers'
[    0.000000] x86/fpu: Supporting XSAVE feature 0x02: 'SSE registers'
[    0.000000] x86/fpu: Supporting XSAVE feature 0x04: 'AVX registers'
[    0.000000] x86/fpu: Enabled xstate features 0x7, context size is 832 bytes, using 'standard' format.
[    0.000000] x86/fpu: Using 'lazy' FPU context switches.
[    0.000000] e820: BIOS-provided physical RAM map:
[    0.000000] BIOS-e820: [mem 0x0000000000000000-0x000000000009fbff] usable
[    0.000000] BIOS-e820: [mem 0x000000000009fc00-0x000000000009ffff] reserved
[    0.000000] BIOS-e820: [mem 0x00000000000f0000-0x00000000000fffff] reserved
[    0.000000] BIOS-e820: [mem 0x0000000000100000-0x000000003ffeffff] usable
[    0.000000] BIOS-e820: [mem 0x000000003fff0000-0x000000003fffffff] ACPI data
[    0.000000] BIOS-e820: [mem 0x00000000fec00000-0x00000000fec00fff] reserved
[    0.000000] BIOS-e820: [mem 0x00000000fee00000-0x00000000fee00fff] reserved
[    0.000000] BIOS-e820: [mem 0x00000000fffc0000-0x00000000ffffffff] reserved
[    0.000000] NX (Execute Disable) protection: active
[    0.000000] SMBIOS 2.5 present.
[    0.000000] Hypervisor detected: KVM
[    0.000000] e820: last_pfn = 0x3fff0 max_arch_pfn = 0x400000000
[    0.000000] MTRR: Disabled
[    0.000000] x86/PAT: MTRRs disabled, skipping PAT initialization too.
[    0.000000] x86/PAT: Configuration [0-7]: WB  WT  UC- UC  WB  WT  UC- UC  
[    0.000000] CPU MTRRs all blank - virtualized system.
[    0.000000] found SMP MP-table at [mem 0x0009fff0-0x0009ffff] mapped at [ffff88000009fff0]
[    0.000000] Scanning 1 areas for low memory corruption
[    0.000000] RAMDISK: [mem 0x36308000-0x3717bfff]
[    0.000000] ACPI: Early table checksum verification disabled
[    0.000000] ACPI: RSDP 0x00000000000E0000 000024 (v02 VBOX  )
[    0.000000] ACPI: XSDT 0x000000003FFF0030 00003C (v01 VBOX   VBOXXSDT 00000001 ASL  00000061)
[    0.000000] ACPI: FACP 0x000000003FFF00F0 0000F4 (v04 VBOX   VBOXFACP 00000001 ASL  00000061)
[    0.000000] ACPI: DSDT 0x000000003FFF0470 00210F (v01 VBOX   VBOXBIOS 00000002 INTL 20160108)
[    0.000000] ACPI: FACS 0x000000003FFF0200 000040
[    0.000000] ACPI: FACS 0x000000003FFF0200 000040
[    0.000000] ACPI: APIC 0x000000003FFF0240 00005C (v02 VBOX   VBOXAPIC 00000001 ASL  00000061)
[    0.000000] ACPI: SSDT 0x000000003FFF02A0 0001CC (v01 VBOX   VBOXCPUT 00000002 INTL 20160108)
[    0.000000] No NUMA configuration found
[    0.000000] Faking a node at [mem 0x0000000000000000-0x000000003ffeffff]
[    0.000000] NODE_DATA(0) allocated [mem 0x3ffeb000-0x3ffeffff]
[    0.000000] kvm-clock: Using msrs 4b564d01 and 4b564d00
[    0.000000] kvm-clock: cpu 0, msr 0:3ffe3001, primary cpu clock
[    0.000000] kvm-clock: using sched offset of 3438730116 cycles
[    0.000000] clocksource: kvm-clock: mask: 0xffffffffffffffff max_cycles: 0x1cd42e4dffb, max_idle_ns: 881590591483 ns
[    0.000000] Zone ranges:
[    0.000000]   DMA      [mem 0x0000000000001000-0x0000000000ffffff]
[    0.000000]   DMA32    [mem 0x0000000001000000-0x000000003ffeffff]
[    0.000000]   Normal   empty
[    0.000000]   Device   empty
[    0.000000] Movable zone start for each node
[    0.000000] Early memory node ranges
[    0.000000]   node   0: [mem 0x0000000000001000-0x000000000009efff]
[    0.000000]   node   0: [mem 0x0000000000100000-0x000000003ffeffff]
[    0.000000] Initmem setup node 0 [mem 0x0000000000001000-0x000000003ffeffff]
[    0.000000] ACPI: PM-Timer IO Port: 0x4008
[    0.000000] IOAPIC[0]: apic_id 2, version 32, address 0xfec00000, GSI 0-23
[    0.000000] ACPI: INT_SRC_OVR (bus 0 bus_irq 0 global_irq 2 dfl dfl)
[    0.000000] ACPI: INT_SRC_OVR (bus 0 bus_irq 9 global_irq 9 high level)
[    0.000000] Using ACPI (MADT) for SMP configuration information
[    0.000000] smpboot: Allowing 2 CPUs, 0 hotplug CPUs
[    0.000000] PM: Registered nosave memory: [mem 0x00000000-0x00000fff]
[    0.000000] PM: Registered nosave memory: [mem 0x0009f000-0x0009ffff]
[    0.000000] PM: Registered nosave memory: [mem 0x000a0000-0x000effff]
[    0.000000] PM: Registered nosave memory: [mem 0x000f0000-0x000fffff]
[    0.000000] e820: [mem 0x40000000-0xfebfffff] available for PCI devices
[    0.000000] Booting paravirtualized kernel on KVM
[    0.000000] clocksource: refined-jiffies: mask: 0xffffffff max_cycles: 0xffffffff, max_idle_ns: 7645519600211568 ns
[    0.000000] setup_percpu: NR_CPUS:512 nr_cpumask_bits:512 nr_cpu_ids:2 nr_node_ids:1
[    0.000000] PERCPU: Embedded 33 pages/cpu @ffff88003fc00000 s98264 r8192 d28712 u1048576
[    0.000000] PV qspinlock hash table entries: 256 (order: 0, 4096 bytes)
[    0.000000] Built 1 zonelists in Node order, mobility grouping on.  Total pages: 257913
[    0.000000] Policy zone: DMA32
[    0.000000] Kernel command line: BOOT_IMAGE=/boot/vmlinuz-4.4.0-62-generic root=UUID=9e3eb56f-ee2f-47aa-afaf-6f4e81766d8a ro console=tty1 console=ttyS0
[    0.000000] PID hash table entries: 4096 (order: 3, 32768 bytes)
[    0.000000] Memory: 997780K/1048120K available (8436K kernel code, 1291K rwdata, 3960K rodata, 1488K init, 1316K bss, 50340K reserved, 0K cma-reserved)
[    0.000000] SLUB: HWalign=64, Order=0-3, MinObjects=0, CPUs=2, Nodes=1
[    0.000000] Hierarchical RCU implementation.
[    0.000000] 	Build-time adjustment of leaf fanout to 64.
[    0.000000] 	RCU restricting CPUs from NR_CPUS=512 to nr_cpu_ids=2.
[    0.000000] RCU: Adjusting geometry for rcu_fanout_leaf=64, nr_cpu_ids=2
[    0.000000] NR_IRQS:33024 nr_irqs:440 16
[    0.000000] Console: colour VGA+ 80x25
[    0.000000] console [tty1] enabled
[    0.000000] console [ttyS0] enabled
[    0.000000] tsc: Detected 3092.840 MHz processor
[    1.880328] Calibrating delay loop (skipped) preset value.. 6185.68 BogoMIPS (lpj=12371360)
[    1.890432] pid_max: default: 32768 minimum: 301
[    1.900099] ACPI: Core revision 20150930
[    1.931098] ACPI: 2 ACPI AML tables successfully acquired and loaded
[    2.077320] Security Framework initialized
[    2.172723] Yama: becoming mindful.
[    2.269571] AppArmor: AppArmor initialized
[    2.300647] Dentry cache hash table entries: 131072 (order: 8, 1048576 bytes)
[    2.314445] Inode-cache hash table entries: 65536 (order: 7, 524288 bytes)
[    2.333520] Mount-cache hash table entries: 2048 (order: 2, 16384 bytes)
[    2.394070] Mountpoint-cache hash table entries: 2048 (order: 2, 16384 bytes)
[    2.447891] Initializing cgroup subsys io
[    2.472323] Initializing cgroup subsys memory
[    2.510179] Initializing cgroup subsys devices
[    2.511073] Initializing cgroup subsys freezer
[    2.519957] Initializing cgroup subsys net_cls
[    2.536217] Initializing cgroup subsys perf_event
[    2.536912] Initializing cgroup subsys net_prio
[    2.537601] Initializing cgroup subsys hugetlb
[    2.538265] Initializing cgroup subsys pids
[    2.544251] CPU: Physical Processor ID: 0
[    2.544868] CPU: Processor Core ID: 0
[    2.551575] mce: CPU supports 0 MCE banks
[    2.557450] Last level iTLB entries: 4KB 64, 2MB 8, 4MB 8
[    2.560361] Last level dTLB entries: 4KB 64, 2MB 0, 4MB 0, 1GB 4
[    2.562652] Freeing SMP alternatives memory: 32K (ffffffff820b8000 - ffffffff820c0000)
[    2.572460] ftrace: allocating 32065 entries in 126 pages
[    2.606674] smpboot: APIC(0) Converting physical 0 to logical package 0
[    2.612895] smpboot: Max logical packages: 1
[    2.628781] x2apic enabled
[    2.635602] Switched APIC routing to physical x2apic.
[    2.637255] ..TIMER: vector=0x30 apic1=0 pin1=2 apic2=-1 pin2=-1
[    2.748531] smpboot: CPU0: Intel(R) Core(TM) i7-5557U CPU @ 3.10GHz (family: 0x6, model: 0x3d, stepping: 0x4)
[    2.752073] Performance Events: unsupported p6 CPU model 61 no PMU driver, software events only.
[    2.753499] KVM setup paravirtual spinlock
[    2.754703] x86: Booting SMP configuration:
[    2.768600] .... node  #0, CPUs:      #1
[    2.769375] kvm-clock: cpu 1, msr 0:3ffe3041, secondary cpu clock
[    2.779317] mce: CPU supports 0 MCE banks
[    2.830585] x86: Booted up 1 node, 2 CPUs
[    2.852448] smpboot: Total of 2 processors activated (12371.36 BogoMIPS)
[    2.853674] devtmpfs: initialized
[    2.861086] evm: security.selinux
[    2.864338] evm: security.SMACK64
[    2.864875] evm: security.SMACK64EXEC
[    2.866511] evm: security.SMACK64TRANSMUTE
[    2.867144] evm: security.SMACK64MMAP
[    2.867714] evm: security.ima
[    2.868248] evm: security.capability
[    2.868984] clocksource: jiffies: mask: 0xffffffff max_cycles: 0xffffffff, max_idle_ns: 7645041785100000 ns
[    2.888180] pinctrl core: initialized pinctrl subsystem
[    2.907338] RTC time: 22:41:14, date: 02/04/17
[    2.913791] NET: Registered protocol family 16
[    2.936391] cpuidle: using governor ladder
[    2.960761] cpuidle: using governor menu
[    3.006840] PCCT header not found.
[    3.007472] ACPI: bus type PCI registered
[    3.008090] acpiphp: ACPI Hot Plug PCI Controller Driver version: 0.5
[    3.009083] PCI: Using configuration type 1 for base access
[    3.029036] ACPI: Added _OSI(Module Device)
[    3.038893] ACPI: Added _OSI(Processor Device)
[    3.039550] ACPI: Added _OSI(3.0 _SCP Extensions)
[    3.040230] ACPI: Added _OSI(Processor Aggregator Device)
[    3.041554] ACPI: Executed 1 blocks of module-level executable AML code
[    3.046132] ACPI: Interpreter enabled
[    3.048886] ACPI: (supports S0 S5)
[    3.054725] ACPI: Using IOAPIC for interrupt routing
[    3.055589] PCI: Using host bridge windows from ACPI; if necessary, use "pci=nocrs" and report a bug
[    3.059456] ACPI: PCI Root Bridge [PCI0] (domain 0000 [bus 00-ff])
[    3.075785] acpi PNP0A03:00: _OSC: OS supports [ASPM ClockPM Segments MSI]
[    3.076728] acpi PNP0A03:00: _OSC failed (AE_NOT_FOUND); disabling ASPM
[    3.077631] acpi PNP0A03:00: fail to add MMCONFIG information, can't access extended PCI configuration space under this bridge.
[    3.079390] PCI host bridge to bus 0000:00
[    3.081111] pci_bus 0000:00: root bus resource [io  0x0000-0x0cf7 window]
[    3.082033] pci_bus 0000:00: root bus resource [io  0x0d00-0xffff window]
[    3.082935] pci_bus 0000:00: root bus resource [mem 0x000a0000-0x000bffff window]
[    3.084057] pci_bus 0000:00: root bus resource [mem 0x40000000-0xffdfffff window]
[    3.085222] pci_bus 0000:00: root bus resource [bus 00-ff]
[    3.087003] pci 0000:00:01.1: legacy IDE quirk: reg 0x10: [io  0x01f0-0x01f7]
[    3.089099] pci 0000:00:01.1: legacy IDE quirk: reg 0x14: [io  0x03f6]
[    3.101571] pci 0000:00:01.1: legacy IDE quirk: reg 0x18: [io  0x0170-0x0177]
[    3.103859] pci 0000:00:01.1: legacy IDE quirk: reg 0x1c: [io  0x0376]
[    3.119916] pci 0000:00:07.0: quirk: [io  0x4000-0x403f] claimed by PIIX4 ACPI
[    3.149715] pci 0000:00:07.0: quirk: [io  0x4100-0x410f] claimed by PIIX4 SMB
[    3.160068] ACPI: PCI Interrupt Link [LNKA] (IRQs 5 9 10 *11)
[    3.195820] ACPI: PCI Interrupt Link [LNKB] (IRQs 5 9 10 *11)
[    3.254710] ACPI: PCI Interrupt Link [LNKC] (IRQs 5 9 *10 11)
[    3.312920] ACPI: PCI Interrupt Link [LNKD] (IRQs 5 *9 10 11)
[    3.357529] ACPI: Enabled 2 GPEs in block 00 to 07
[    3.399867] vgaarb: setting as boot device: PCI:0000:00:02.0
[    3.451096] vgaarb: device added: PCI:0000:00:02.0,decodes=io+mem,owns=io+mem,locks=none
[    3.531914] vgaarb: loaded
[    3.572118] vgaarb: bridge control possible 0000:00:02.0
[    3.613143] SCSI subsystem initialized
[    3.652061] ACPI: bus type USB registered
[    3.689025] usbcore: registered new interface driver usbfs
[    3.717354] usbcore: registered new interface driver hub
[    3.739606] usbcore: registered new device driver usb
[    3.768961] PCI: Using ACPI for IRQ routing
[    3.823996] NetLabel: Initializing
[    3.856528] NetLabel:  domain hash size = 128
[    3.884035] NetLabel:  protocols = UNLABELED CIPSOv4
[    3.921770] NetLabel:  unlabeled traffic allowed by default
[    3.943654] amd_nb: Cannot enumerate AMD northbridges
[    3.991876] clocksource: Switched to clocksource kvm-clock
[    4.000605] AppArmor: AppArmor Filesystem Enabled
[    4.021462] pnp: PnP ACPI init
[    4.025615] pnp: PnP ACPI: found 3 devices
[    4.077415] clocksource: acpi_pm: mask: 0xffffff max_cycles: 0xffffff, max_idle_ns: 2085701024 ns
[    4.084431] NET: Registered protocol family 2
[    4.085521] TCP established hash table entries: 8192 (order: 4, 65536 bytes)
[    4.086768] TCP bind hash table entries: 8192 (order: 5, 131072 bytes)
[    4.087966] TCP: Hash tables configured (established 8192 bind 8192)
[    4.089128] UDP hash table entries: 512 (order: 2, 16384 bytes)
[    4.097174] UDP-Lite hash table entries: 512 (order: 2, 16384 bytes)
[    4.210445] NET: Registered protocol family 1
[    4.299019] pci 0000:00:00.0: Limiting direct PCI/PCI transfers
[    4.385941] pci 0000:00:01.0: Activating ISA DMA hang workarounds
[    4.394879] Trying to unpack rootfs image as initramfs...
[    4.571121] Freeing initrd memory: 14800K (ffff880036308000 - ffff88003717c000)
[    5.099364] RAPL PMU detected, API unit is 2^-32 Joules, 4 fixed counters 10737418240 ms ovfl timer
[    5.109828] hw unit of domain pp0-core 2^-0 Joules
[    5.198990] hw unit of domai  aackage ^^-0 Joules
[    5.525708] hw untt of domain dram 2^-0 Joules
[    5.798924] hw unit of domain pp1-gpu 2^-0 Joules
[    5.959073] platform rtc_cmos: registered platform RTC device (no PNP device found)
[    6.159228] Scanning for low memory corruption every 60 seconds
[    6.179534] futex hash table entries: 512 (order: 3, 32768 bytes)
[    6.199298] audit: initializing netlink subsys (disabled)
[    6.350366] audit: type=2000 audit(1486248078.828:1): initialized
[    6.530484] Initialise system trusted keyring
[    6.651994] HugeTLB registered 2 MB page size, pre-allocated 0 pages
[    6.831942] zbud: loaded
[    6.906437] VFS: Disk quotas dquot_6.6.0
[    6.955939] tsc: Refined TSC clocksource calibration: 3092.380 MHz
[    6.955941] clocksource: tsc: mask: 0xffffffffffffffff max_cycles: 0x2c932968faa, max_idle_ns: 440795286013 ns
[    7.223101] VFS: Dquot-cache hash table entries: 512 (order 0, 4096 bytes)
[    7.229594] squashfs: version 4.0 (2009/01/31) Phillip Lougher
[    7.237092] fuse init (API version 7.23)
[    7.309007] Key type big_key registered
[    7.313251] Allocating IMA MOK and blacklist keyrings.
[    7.320457] Key type asymmetric registered
[    7.342791] Asymmetric key parser 'x509' registered
[    7.343559] Block layer SCSI generic (bsg) driver version 0.4 loaded (major 249)
[    7.379155] io scheduler noop registered
[    7.441478] io scheduler deadline registered (default)
[    7.516645] io scheduler cfq registered
[    7.517573] pci_hotplug: PCI Hot Plug PCI Core version: 0.5
[    7.521868] pciehp: PCI Express Hot Plug Controller Driver version: 0.4
[    7.523188] ACPI: AC Adapter [AC] (on-line)
[    7.524105] input: Power Button as /devices/LNXSYSTM:00/LNXPWRBN:00/input/input0
[    7.525647] ACPI: Power Button [PWRF]
[    7.529350] input: Sleep Button as /devices/LNXSYSTM:00/LNXSLPBN:00/input/input1
[    7.585045] ACPI: Sleep Button [SLPF]
[    7.631248] GHES: HEST is not enabled!
[    7.631804] ACPI: Battery Slot [BAT0] (battery present)
[    7.799003] Serial: 8250/16550 driver, 32 ports, IRQ sharing enabled
[    7.841660] 00:02: ttyS0 at I/O 0x3f8 (irq = 4, base_baud = 115200) is a 16550A
[    7.877455] Linux agpgart interface v0.103
[    7.888938] brd: module loaded
[    7.902319] loop: module loaded
[    7.949329] scsi host0: ata_piix
[    7.955262] scsi host1: ata_piix
[    7.976291] ata1: PATA max UDMA/33 cmd 0x1f0 ctl 0x3f6 bmdma 0xd000 irq 14
[    7.982365] ata2: PATA max UDMA/33 cmd 0x170 ctl 0x376 bmdma 0xd008 irq 15
[    7.987085] libphy: Fixed MDIO Bus: probed
[    8.012719] tun: Universal TUN/TAP device driver, 1.6
[    8.066826] tun: (C) 1999-2004 Max Krasnyansky <maxk@qualcomm.com>
[    8.124319] PPP generic driver version 2.4.2
[    8.148349] ehci_hcd: USB 2.0 'Enhanced' Host Controller (EHCI) Driver
[    8.197592] ehci-pci: EHCI PCI platform driver
[    8.237874] ehci-platform: EHCI generic platform driver
[    8.241298] ohci_hcd: USB 1.1 'Open' Host Controller (OHCI) Driver
[    8.253383] ohci-pci: OHCI PCI platform driver
[    8.302881] ohci-platform: OHCI generic platform driver
[    8.342958] uhci_hcd: USB Universal Host Controller Interface driver
[    8.343942] i8042: PNP: PS/2 Controller [PNP0303:PS2K,PNP0f03:PS2M] at 0x60,0x64 irq 1,12
[    8.409839] serio: i8042 KBD port at 0x60,0x64 irq 1
[    8.468996] serio: i8042 AUX port at 0x60,0x64 irq 12
[    8.538492] mousedev: PS/2 mouse device common for all mice
[    8.599361] input: AT Translated Set 2 keyboard as /devices/platform/i8042/serio0/input/input2
[    8.68999]] rtc_cmos tt__cmos: rtc core: registered rtc_cmos as rtc0
[    8.980503] rtc_cmos rtc_cmos: alarms up to one day, 114 bytes nvram
[    8.982354] i2c /dev entries driver
[    9.119171] device-mapper: uevent: version 1.0.3
[    9.359135] device-mapper: ioctl: 4.34.0-ioctl (2015-10-28) initialised: dm-devel@redhat.com
[    9.391914] ledtrig-cpu: registered to indicate activity on CPUs
[    9.463988] NET: Registered protocol family 10
[    9.526324] NET: Registered protocol family 17
[    9.569516] Key type dns_resolver registered
[    9.592831] microcode: CPU0 sig=0x306d4, pf=0x40, revision=0x0
[    9.645369] microcode: CPU1 sig=0x306d4, pf=0x40, revision=0x0
[    9.659593] microcode: Microcode Update Driver: v2.01 <tigran@aivazian.fsnet.co.uk>, Peter Oruba
[    9.661059] registered taskstats version 1
[    9.670715] Loading compiled-in X.509 certificates
[    9.692236] Loaded X.509 cert 'Build time autogenerated kernel key: a630254739635d6fdc487c9f0afa5d9a0ff04f04'
[    9.796538] zswap: loaded using pool lzo/zbud
[    9.836307] Key type trusted registered
[    9.886506] Key type encrypted registered
[    9.938561] AppArmor: AppArmor sha1 policy hashing enabled
[   10.001331] ima: No TPM chip found, activating TPM-bypass!
[   10.052308] evm: HMAC attrs: 0x1
[   10.099238]   Magic number: 5:741:703
[   10.156780] rtc_cmos rtc_cmos: setting system clock to 2017-02-04 22:41:21 UTC (1486248081)
[   10.285717] BIOS EDD facility v0.16 2004-Jun-25, 0 devices found
[   10.353779] EDD information not available.
[   10.361790] Freeing unused kernel memory: 1488K (ffffffff81f44000 - ffffffff820b8000)
[   10.370583] Write protecting the kernel read-only data: 14336k
[   10.372689] Freeing unused kernel memory: 1792K (ffff880001840000 - ffff880001a00000)
[   10.382023] Freeing unused kernel memory: 136K (ffff880001dde000 - ffff880001e00000)
Loading, please [   10.411077] random: systemd-udevd: uninitialized urandom read (16 bytes read, 5 bits of entropy available)
wait...
starting version 229
[   10.411529] random: udevadm: uninitialized urandom read (16 bytes read, 5 bits of entropy available)
[   10.411573] random: udevadm: uninitialized urandom read (16 bytes read, 5 bits of entropy available)
[   10.411711] random: udevadm: uninitialized urandom read (16 bytes read, 5 bits of entropy available)
[   10.411762] random: udevadm: uninitialized urandom read (16 bytes read, 5 bits of entropy available)
[   10.411813] random: udevadm: uninitialized urandom read (16 bytes read, 5 bits of entropy available)
[   10.411869] random: udevadm: uninitialized urandom read (16 bytes read, 5 bits of entropy available)
[   10.411919] random: udevadm: uninitialized urandom read (16 bytes read, 5 bits of entropy available)
[   10.411966] random: udevadm: uninitialized urandom read (16 bytes read, 5 bits of entropy available)
[   10.412019] random: udevadm: uninitialized urandom read (16 bytes read, 5 bits of entropy available)
[   12.708423] e1000: Intel(R) PRO/1000 Network Driver - version 7.3.21-k8-NAPI
[   12.739451] e1000: Copyright (c) 1999-2006 Intel Corporation.
[   12.855392] Fusion MPT base driver 3.04.20
[   12.916223] Copyright (c) 1999-2008 LSI Corporation
[   13.020454] AVX version of gcm_enc/dec engaged.
[   13.038463] AES CTR mode by8 optimization enabled
[   13.045975] Fusion MPT SPI Host driver 3.04.20
[   13.052986] input: ImExPS/2 Generic Explorer Mouse as /devices/platform/i8042/serio1/input/input4
[   13.327897] e1000 0000:00:03.0 eth0: (PCI:33MHz:32-bit) 02:6d:90:52:c7:b2
[   13.360045] e1000 0000:00:03.0 eth0: Intel(R) PRO/1000 Network Connection
[   13.695051] e1000 0000:00:08.0 eth1: (PCI:33MHz:32-bit) 08:00:27:bb:d9:35
[   13.729792] e1000 0000:00:08.0 eth1: Intel(R) PRO/1000 Network Connection
[   13.810537] e1000 0000:00:03.0 enp0s3: renamed from eth0
[   13.841292] mptbase: ioc0: Initiating bringup
[   13.872231] e1000 0000:00:08.0 enp0s8: renamed from eth1
[   13.936157] ioc0: LSI53C1030 A0: Capabilities={Initiator}
[   14.329349] scsi host2: ioc0: LSI53C1030 A0, FwRev=00000000h, Ports=1, MaxQ=256, IRQ=20
[   14.688298] scsi 2:0:0:0: Direct-Access     VBOX     HARDDISK         1.0  PQ: 0 ANSI: 5
[   14.775102] scsi target2:0:0: Beginning Domain Validation
[   14.776456] scsi target2:0:0: Domain Validation skipping write tests
[   14.779768] scsi target2:0:0: Ending Domain Validation
[   14.780582] scsi target2:0:0: asynchronous
[   14.781515] scsi 2:0:1:0: Direct-Access     VBOX     HARDDISK         1.0  PQ: 0 ANSI: 5
[   14.787402] scsi target2:0:1: Beginning Domain Validation
[   14.788767] scsi target2:0:1: Domain Validation skipping write tests
[   14.793093] scsi target2:0:1: Ending Domain Validation
[   14.793899] scsi target2:0:1: asynchronous
[   14.809485] sd 2:0:0:0: Attached scsi generic sg0 type 0
[   14.819800] sd 2:0:0:0: [sda] 20971520 512-byte logical blocks: (10.7 GB/10.0 GiB)
[   14.819904] sd 2:0:1:0: Attached scsi generic sg1 type 0
[   14.820041] sd 2:0:1:0: [sdb] 20480 512-byte logical blocks: (10.5 MB/10.0 MiB)
[   14.820142] sd 2:0:1:0: [sdb] Write Protect is off
[   14.820210] sd 2:0:1:0: [sdb] Incomplete mode parameter data
[   14.820211] sd 2:0:1:0: [sdb] Assuming drive cache: write through
[   14.834701] sd 2:0:1:0: [sdb] Attached SCSI disk
[   15.017537] sd 2:0:0:0: [sda] Write Protect is off
[   15.139550] sd 2:0:0:0: [sda] Incomplete mode parameter data
[   15.151840] sd 2:0:0:0: [sda] Assuming drive cache: write through
[   15.160836]  sda: sda1
[   15.290013] sd 2:0:0:0: [sda] Attached SCSI disk
[   16.008099] floppy0: no floppy controllers found
Begin: Loading e[   17.295415] md: linear personality registered for level -1
ssential drivers[   17.300611] md: multipath personality registered for level -4
 ... [   17.304717] md: raid0 personality registered for level 0
[   17.315265] md: raid1 personality registered for level 1
[   17.395910] raid6: sse2x1   gen() 10875 MB/s
[   17.467919] raid6: sse2x1   xor()  8154 MB/s
[   17.579886] raid6: sse2x2   gen() 13337 MB/s
[   17.655909] raid6: sse2x2   xor()  8740 MB/s
[   17.731909] raid6: sse2x4   gen() 15494 MB/s
[   17.807891] raid6: sse2x4   xor() 10501 MB/s
[   17.829527] raid6: using algorithm sse2x4 gen() 15494 MB/s
[   17.836735] raid6: .... xor() 10501 MB/s, rmw enabled
[   17.837466] raid6: using ssse3x2 recovery algorithm
[   17.839619] xor: automatically using best checksumming function:
[   18.129087]    avx       : 53771.000 MB/sec
[   18.427246] async_tx: api initialized (async)
[   18.704998] md: raid6 personality registered for level 6
[   18.829681] md: raid5 personality registered for level 5
[   18.849681] md: raid4 personality registered for level 4
[   18.858387] md: raid10 personality registered for level 10
done.
Begin: Running /scripts/init-premount ... done.
Begin: Mountin[   18.898607] Btrfs loaded
g root file system ... Begin: Running /scripts/local-top ... done.
Begin: Running /scripts/local-premount ... Scanning for Btrfs filesystems
done.
Warning: fsck no[   18.943976] EXT4-fs (sda1): INFO: recovery required on readonly filesystem
t present, so sk[   18.994989] EXT4-fs (sda1): write access will be enabled during recovery
ipping root file system
[   19.454327] EXT4-fs (sda1): recovery complete
[   19.461507] EXT4-fs (sda1): mounted filesystem with ordered data mode. Opts: (null)
done.
Begin: Running /scripts/local-bottom ... done.
Begin: Running /scripts/init-bottom ... done.
[   19.726299] random: nonblocking pool is initialized
[   20.351841] systemd[1]: systemd 229 running in system mode. (+PAM +AUDIT +SELINUX +IMA +APPARMOR +SMACK +SYSVINIT +UTMP +LIBCRYPTSETUP +GCRYPT +GNUTLS +ACL +XZ -LZ4 +SECCOMP +BLKID +ELFUTILS +KMOD -IDN)
[   20.391911] systemd[1]: Detected virtualization oracle.
[   20.394050] systemd[1]: Detected architecture x86-64.

Welcome to [1mUbuntu 16.04.1 LTS[0m!

[   004455903] ssstemd[1]:SStt hostname to <ubuntu-xenial>.
[   21.556140] systemd[1]: Listening on /dev/initctl Compatibility Named Pipe.
[[0;32m  OK  [0m] Listening on /dev/initctl Compatibility Named Pipe.
[   21.612166] systemd[1]: Listening on Journal Socket.
[[0;32m  OK  [0m] Listening on Journal Socket.
[   21.630824] systemd[1]: Listening on Device-mapper event daemon FIFOs.
[[0;32m  OK  [0m] Listening on Device-mapper event daemon FIFOs.
[   21.632649] systemd[1]: Listening on Syslog Socket.
[[0;32m  OK  [0m] Listening on Syslog Socket.
[   21.643044] systemd[1]: Listening on udev Kernel Socket.
[[0;32m  OK  [0m] Listening on udev Kernel Socket.
[   21.647323] systemd[1]: Listening on Journal Socket (/dev/log).
[[0;32m  OK  [0m] Listening on Journal Socket (/dev/log).
[   21.649214] systemd[1]: Listening on udev Control Socket.
[[0;32m  OK  [0m] Listening on udev Control Socket.
[   21.734755] systemd[1]: Reached target User and Group Name Lookups.
[[0;32m  OK  [0m] Reached target User and Group Name Lookups.
[   21.740520] systemd[1]: Reached target Encrypted Vllmmss.
[[0;32m  OK  [0m] Reached target Encrypted Volumes.
[   22.063932] ssseedd11::LLsstenigg on LVM2 metadata daemonssccke..

[[0;32m  OK  [0m] Listening on LVM2 metadata daemon socket.
[   22.628346] systemd[1]: Created slice System Slice.
[[0;32m  OK  [0m] Created slice System Slice.
[   22.876118] systemd[1]: Starting Nameserver information manager...
         Starting Nameserver information manager...
[   23.105893] systemd[1]: Starting ee  console keymap...
         Starting Set console keymap...
[   23.512061] systemd[1]: Starting Remount Root and Kernel File Systems...
[   23.551163] EXT4-fs (sda1): re-mounted. Opts: (null)
         Starting Remount Root and Kernel File Systems...
[   23.720606] systemd[1]: Starting Create lis  ff required static device nodes for the current kernel...
         Starting Create list of required st... nodes for the current kernel...
[   24.146123] systemd[1]: Reached target Swap.
[[0;32m  OK  [0m] Reached target Swap.
[   24.260221] systemd[1]: Listening on Journal Audit Socket.
[[0;32m  OK  [0m] Listening on Journal Audit Socket.
[   24.384118] systemd[1]: Starting Journal Service...
         Starting Journal Service...
[   24.482663] systemd[1]: Starting Monitoring of LVM2 mirrors, snapshots etc. using dmeventd or progress polling...
         Starting Monitoring of LVM2 mirrors... dmeventd or progress polling...
[   24.524852] systemd[1]: Created slice User and Session Slice.
[[0;32m  OK  [0m] Created slice User and Session Slice.
[   24.529914] systemd[]]  Mounting Huge Paee  File System...
         Mounting Huge Pages File System...
[   24.960559] systemd[1]: Mounting Debug File System...
         Mounting Debug File System...
[   25.144116] systemd[1]: Mounting POSIX Message Queue File System...
         Mounting POSIX Message Queue File System...
[   25.165472] systemd[1]: Started Forward Password Requests to Wall Directory Watch.
[[0;32m  OK  [0m] Started Forward Password Requests to Wall Directory Watch.
[   25.170403] systemd[1]: Starting Uncomplicated firewall...
         Starting Uncomplicated firewall...
[   25.250032] systemd[1]: Created slice system-serial\x2dgetty.slice.
[[0;32m  OK  [0m] Created slice system-serial\x2dgetty.slice.
[   25.252663] systemd[1]: Set up automount Arbitrary Executable File Formats File System Automount Point.
[[0;32m  OK  [0m] Set up automount Arbitrary Executab...ats File System Automount Point.
[   25.285597] systemd[1]: Reached target Slices.
[[0;32m  OK  [0m] Reached target Slices.
[   25.352090] systemd[1]: Starting Load Kernel Modules...
         Starting Load Kernel Modules...
[   25.391424] systemd[1]: Listening on LVM2 poll daemon socket.
[[0;32m  OK  [0m] Listening on LVM2 poll daemon socket.
[   25.416693] systemd[1]: Mounted Debug File System.
[[0;32m  OK  [0m] Mounted Debug File System.
[   25.445784] systemd[1]: Mounted POSIX Message Queue File System.
[   25.465926] Loading iSCSI transport class v2.0-870.
[[0;32m  OK  [0m] Mounted POSIX Message Queue File System.
[   25.634018] iscsi: registered transport (tcp)
[   25.872099] systemd[1]: Mounted Huge Pages File System.
[[0;32m  OK  [0m] Mounted Huge Pages File System.
[   25.931165] systemd[1]: Started Journal Service.
[[0;32m  OK  [0m] Started Journal Service.
[[0;32m  OK  [0m] Started Set console keymap.
[[0;32m  OK  [0m] Started Remount Root and Kernel File Systems.
[[0;32m  OK  [0m] Started Create list of required sta...ce nodes for the current kernel.
[[0;32m  OK  [0m] Started Uncomplicated firewall.
[[0;32m  OK  [0m] Started Nameserver information manager.
[   26.021864] iscsi: registered transport (iser)
[[0;32m  OK  [0m] Started Load Kernel Modules.
         Starting Apply Kernel Variables...
         Mounting FUSE Control File System...
[[0;32m  OK  [0m] Started LVM2 metadata daemon.
         Starting Create Static Device Nodes in /dev...
         Starting Load/Save Random Seed...
         Starting Initial cloud-init job (pre-networking)...
         Starting udev Coldplug all Devices...
         Starting Flush Journal to Persistent Storage...
[[0;32m  OK  [0m] Mounted FUSE Control File System.
[[0;32m  OK  [0m] Started Apply Kernel Variables.
[[0;32m  OK  [0m] Started Load/Save Random Seed.
[[0;32m  OK  [0m] Started Flush Journal to Persistent Storage.
[[0;32m  OK  [0m] Started udev Coldplug all Devices.
[[0;32m  OK  [0m] Started Create Static Device Nodes in /dev.
         Starting udev Kernel Device Manager...
[[0;32m  OK  [0m] Started Monitoring of LVM2 mirrors,...ng dmeventd or progress polling.
[[0;32m  OK  [0m] Started udev Kernel Device Manager.
[[0;32m  OK  [0m] Reached target Local File Systems (Pre).
[[0;32m  OK  [0m] Reached target Local File Systems.
         Starting Set console font and keymap...
         Starting Tell Plymouth To Write Out Runtime Data...
         Starting LSB: AppArmor initialization...
         Starting Create Volatile Files and Directories...
[[0;32m  OK  [0m] Started Dispatch Password Requests to Console Directory Watch.
[[0;32m  OK  [0m] Started Tell Plymouth To Write Out Runtime Data.
[[0;32m  OK  [0m] Found device /dev/ttyS0.
[[0;32m  OK  [0m] Started Create Volatile Files and Directories.
         Starting Update UTMP about System Boot/Shutdown...
[[0;32m  OK  [0m] Reached target System Time Synchronized.
[[0;32m  OK  [0m] Started Update UTMP about System Boot/Shutdown.
[[0;32m  OK  [0m] Found device 82540EM Gigabit Ethern...r (PRO/1000 MT Desktop Adapter).
[[0;32m  OK  [0m] Found device 82540EM Gigabit Ethern...r (PRO/1000 MT Desktop Adapter).
[[0;32m  OK  [0m] Started Set console font and keymap.
[[0;32m  OK  [0m] Created slice system-getty.slice.
[[0;32m  OK  [0m] Started LSB: AppArmor initialization.
[[0;32m  OK  [0m] Listening on Load/Save RF Kill Switch Status /dev/rfkill Watch.
[   28.698638] cloud-init[470]: Cloud-init v. 0.7.8 running 'init-local' at Sat, 04 Feb 2017 22:41:42 +0000. Up 28.06 seconds.
[[0;32m  OK  [0m] Started Initial cloud-init job (pre-networking).
[[0;32m  OK  [0m] Reached target Network (Pre).
         Starting Raise network interfaces...
[[0;32m  OK  [0m] Started ifup for enp0s3.
[[0;32m  OK  [0m] Started ifup for enp0s8.
[[0;32m  OK  [0m] Started Raise network interfaces.
[[0;32m  OK  [0m] Reached target Network.
         Starting Initial cloud-init job (metadata service crawler)...
[   29.782931] cloud-init[1154]: Cloud-init v. 0.7.8 running 'init' at Sat, 04 Feb 2017 22:41:44 +0000. Up 29.34 seconds.
[   29.808326] cloud-init[1154]: ci-info: ++++++++++++++++++++++++++++++++++++++Net device info++++++++++++++++++++++++++++++++++++++
[   29.825381] [cloud-init[0;32m  OK  [0m[1154]: ] ci-info: +--------+------+-----------------------------+---------------+-------+-------------------+Started Initial cloud-init job (metadata service crawler).

[   29.825765] cloud-init[1154]: ci-info: | Device |  Up  |           Address           |      Mask     | Scope |     Hw-Address    |
[   29.833973] [cloud-init[0;32m  OK  [0m[1154]: ] ci-info: +--------+------+-----------------------------+---------------+-------+-------------------+Reached target System Initialization.

[   29.834353] [cloud-init[0;32m  OK  [0m[1154]: ] ci-info: | enp0s3 | True |          10.0.2.15          | 255.255.255.0 |   .   | 02:6d:90:52:c7:b2 |Listening on D-Bus System Message Bus Socket.

[   29.843938] cloud-init[1154]: ci-info: | enp0s3 | True |  fe80::6d:90ff:fe52:c7b2/64 |       .       |  link | 02:6d:90:52:c7:b2 |
[   29.846313] cloud-init[1154]: ci-info: | enp0s8 | True |         192.168.50.2        | 255.255.255.0 |   .   | 08:00:27:bb:d9:35 |
[   29.865381] [cloud-init[0;32m  OK  [0m[1154]: ] ci-info: | enp0s8 | True | fe80::a00:27ff:febb:d935/64 |       .       |  link | 08:00:27:bb:d9:35 |Started ACPI Events Check.

[   29.865806] cloud-init[1154]: ci-info: |   lo   | True |          127.0.0.1          |   255.0.0.0   |   .   |         .         |
[   29.873073] cloud-init[1154]: ci-info: |   lo   | True |           ::1/128           |       .       |  host |         .         |
[   29.888323] cloud-init[1154]: ci-info: +--------+------+-----------------------------+---------------+-------+-------------------+
         Starting LXD - unix socket.
[   29.888630] cloud-init[1154]: ci-info: ++++++++++++++++++++++++++++Route IPv4 info++++++++++++++++++++++++++++
[[   29.947931] cloud-init[1154]: ci-info: +-------+--------------+----------+---------------+-----------+-------+
[   29.948358] cloud-init[1154]: ci-info: | Route | Destination  | Gateway  |    Genmask    | Interface | Flags |
[   29.948576] cloud-init[1154]: ci-info: +-------+--------------+----------+---------------+-----------+-------+
[   29.948795] cloud-init[1154]: ci-info: |   0   |   0.0.0.0    | 10.0.2.2 |    0.0.0.0    |   enp0s3  |   UG  |
[   29.948915] cloud-init[1154]: ci-info: |   1   |   10.0.2.0   | 0.0.0.0  | 255.255.255.0 |   enp0s3  |   U   |
[   29.949030] cloud-init[1154]: ci-info: |   2   | 192.168.50.0 | 0.0.0.0  | 255.255.255.0 |   enp0s8  |   U   |
[   29.949144] cloud-init[1154]: ci-info: +-------+--------------+----------+---------------+-----------+-------+
[0;32m  OK  [0m] Started Daily apt activities.
[[0;32m  OK  [0m] Started Daily Cleanup of Temporary Directories.
[[0;32m  OK  [0m] Started Timer to automatically refresh installed snaps.
[[0;32m  OK  [0m] Reached target Timers.
         Starting Socket activation for snappy daemon.
[[0;32m  OK  [0m] Listening on UUID daemon activation socket.
[[0;32m  OK  [0m] Listening on ACPID Listen Socket.
[[0;32m  OK  [0m] Started Trigger resolvconf update for networkd DNS.
[[0;32m  OK  [0m] Reached target Paths.
[[0;32m  OK  [0m] Reached target Cloud-config availability.
[[0;32m  OK  [0m] Reached target Network is Online.
         Starting iSCSI initiator daemon (iscsid)...
[[0;32m  OK  [0m] Listening on LXD - unix socket.
[[0;32m  OK  [0m] Listening on Socket activation for snappy daemon.
[[0;32m  OK  [0m] Reached target Sockets.
[[0;32m  OK  [0m] Reached target Basic System.
[[0;32m  OK  [0m] Started Deferred execution scheduler.
         Starting System Logging Service...
[[0;32m  OK  [0m] Started FUSE filesystem for LXC.
         Starting /etc/rc.local Compatibility...
[[0;32m  OK  [0m] Started D-Bus System Message Bus.
         Starting LSB: MD monitoring daemon...
         Starting LSB: Record successful boot for GRUB...
         Starting Login Service...
[[0;32m  OK  [0m] Started ACPI event daemon.
         Starting OpenBSD Secure Shell server...
         Starting Accounts Service...
[[0;32m  OK  [0m] Started Snappy daemon.
         Starting Auto import assertions from block devices...
         Starting Apply the settings specified in cloud-config...
[[0;32m  OK  [0m] Started Regular background program processing daemon.
         Starting LXD - container startup/shutdown...
[[0;32m  OK  [0m] Started System Logging Service.
[[0;32m  OK  [0m] Started iSCSI initiator daemon (iscsid).
[[0;32m  OK  [0m] Started /etc/rc.local Compatibility.
[[0;32m  OK  [0m] Started Auto import assertions from block devices.
         Starting Login to default iSCSI targets...
[[0;32m  OK  [0m] Started Login Service.
[[0;32m  OK  [0m] Started LSB: Record successful boot for GRUB.
[[0;32m  OK  [0m] Started LSB: MD monitoring daemon.
[[0;32m  OK  [0m] Started Login to default iSCSI targets.
[[0;32m  OK  [0m] Reached target Remote File Systems (Pre).
[[0;32m  OK  [0m] Reached target Remote File Systems.
[   31.531711] cloud-init[1253]: Cloud-init v. 0.7.8 running 'modules:config' at Sat, 04 Feb 2017 22:41:45 +0000. Up 31.09 seconds.
         Starting Permit User Sessions...
         Starting LSB: VirtualBox Linux Additions...
         Starting LSB: automatic crash report generation...
         Starting LSB: Set the CPU Frequency Scaling governor to "ondemand"...
         Starting LSB: daemon to balance interrupts for SMP systems...
[[0;32m  OK  [0m] Started Apply the settings specified in cloud-config.
[[0;32m  OK  [0m] Started LSB: Set the CPU Frequency Scaling governor to "ondemand".
[[0;32m  OK  [0m] Started Permit User Sessions.
         Starting Terminate Plymouth Boot Screen...
         Starting Hold until boot process finishes up...
[[0;32m  OK  [0m] Started OpenBSD Secure Shell server.
[[0;32m  OK  [0m] Started Terminate Plymouth Boot Screen.
[[0;32m  OK  [0m] Started Hold until boot process finishes up.
[[0;32m  OK  [0m] Started Serial Getty on ttyS0.
[[0;32m  OK  [0m] Started Getty on tty1.
[[0;32m  OK  [0m] Reached target Login Prompts.
         Starting Set console scheme...
[[0;32m  OK  [0m] Started LSB: daemon to balance interrupts for SMP systems.
[[0;32m  OK  [0m] Started Set console scheme.
[[0;32m  OK  [0m] Started LSB: automatic crash report generation.
         Starting Authenticate and Authorize Users to Run Privileged Tasks...
[[0;32m  OK  [0m] Started Authenticate and Authorize Users to Run Privileged Tasks.
[[0;32m  OK  [0m] Started Accounts Service.
[[0;32m  OK  [0m] Started LSB: VirtualBox Linux Additions.
[[0;32m  OK  [0m] Created slice User Slice of ubuntu.
         Starting User Manager for UID 1000...
[[0;32m  OK  [0m] Started Session 1 of user ubuntu.
[[0;32m  OK  [0m] Started User Manager for UID 1000.
[[0;32m  OK  [0m] Started LXD - container startup/shutdown.
[[0;32m  OK  [0m] Reached target Multi-User System.
         Starting Execute cloud user/final scripts...
[[0;32m  OK  [0m] Reached target Graphical Interface.
         Starting Update UTMP about System Runlevel Changes...
[[0;32m  OK  [0m] Started Update UTMP about System Runlevel Changes.
[   34.045807] cloud-init[1407]: Cloud-init v. 0.7.8 running 'modules:final' at Sat, 04 Feb 2017 22:41:48 +0000. Up 33.92 seconds.
[   34.052417] cloud-init[1407]: Cloud-init v. 0.7.8 finished at Sat, 04 Feb 2017 22:41:48 +0000. Datasource DataSourceNoCloud [seed=/dev/sdb][dsmode=net].  Up 34.03 seconds
[[0;32m  OK  [0m] Started Execute cloud user/final scripts.
[[0;32m  OK  [0m] Reached target Cloud-init target.

Ubuntu 16.04.1 LTS ubuntu-xenial ttyS0

ubuntu-xenial login: 